app/build/intermediates/manifest_merge_blame_file/debug/manifest-merger-blame-debug-report.txt
1<?xml version="1.0" encoding="utf-8"?>
2<manifest xmlns:android="http://schemas.android.com/apk/res/android"
3    package="com.example.bookreview"
4    android:versionCode="1"
5    android:versionName="1.0" >
6
7    <uses-sdk
8        android:minSdkVersion="21"
8-->src\main\AndroidManifest.xml
9        android:targetSdkVersion="29" />
9-->src\main\AndroidManifest.xml
10
11    <uses-permission android:name="android.permission.READ_EXTERNAL_STORAGE" />
11-->src\main\AndroidManifest.xml:5:5-80
11-->src\main\AndroidManifest.xml:5:22-77
12    <uses-permission android:name="android.permission.INTERNET" />
12-->src\main\AndroidManifest.xml:6:5-67
12-->src\main\AndroidManifest.xml:6:22-64
13    <uses-permission android:name="android.permission.ACCESS_NETWORK_STATE" />
13-->[com.google.firebase:firebase-auth:20.0.1] AndroidManifest.xml:24:5-79
13-->[com.google.firebase:firebase-auth:20.0.1] AndroidManifest.xml:24:22-76
14    <uses-permission android:name="android.permission.WAKE_LOCK" />
14-->[com.google.android.gms:play-services-measurement-api:18.0.0] AndroidManifest.xml:24:5-68
14-->[com.google.android.gms:play-services-measurement-api:18.0.0] AndroidManifest.xml:24:22-65
15    <uses-permission android:name="com.google.android.finsky.permission.BIND_GET_INSTALL_REFERRER_SERVICE" />
15-->[com.google.android.gms:play-services-measurement:18.0.0] AndroidManifest.xml:26:5-110
15-->[com.google.android.gms:play-services-measurement:18.0.0] AndroidManifest.xml:26:22-107
16
17    <application
17-->src\main\AndroidManifest.xml:8:5-33:19
18        android:allowBackup="true"
18-->src\main\AndroidManifest.xml:9:9-35
19        android:appComponentFactory="androidx.core.app.CoreComponentFactory"
19-->[androidx.core:core:1.3.1] AndroidManifest.xml:24:18-86
20        android:debuggable="true"
21        android:icon="@mipmap/ic_launcher"
21-->src\main\AndroidManifest.xml:10:9-43
22        android:label="@string/app_name"
22-->src\main\AndroidManifest.xml:11:9-41
23        android:roundIcon="@mipmap/ic_launcher_round"
23-->src\main\AndroidManifest.xml:12:9-54
24        android:supportsRtl="true"
24-->src\main\AndroidManifest.xml:13:9-35
25        android:testOnly="true"
26        android:theme="@style/AppTheme" >
26-->src\main\AndroidManifest.xml:14:9-40
27        <activity
27-->src\main\AndroidManifest.xml:15:9-23:20
28            android:name="com.example.bookreview.view.activity.PreLoginActivity"
28-->src\main\AndroidManifest.xml:15:19-65
29            android:label="@string/app_name"
29-->src\main\AndroidManifest.xml:16:13-45
30            android:screenOrientation="portrait" >
30-->src\main\AndroidManifest.xml:17:13-49
31            <intent-filter>
31-->src\main\AndroidManifest.xml:18:13-22:29
32                <action android:name="android.intent.action.MAIN" />
32-->src\main\AndroidManifest.xml:19:17-69
32-->src\main\AndroidManifest.xml:19:25-66
33
34                <category android:name="android.intent.category.LAUNCHER" />
34-->src\main\AndroidManifest.xml:21:17-77
34-->src\main\AndroidManifest.xml:21:27-74
35            </intent-filter>
36        </activity>
37        <activity
37-->src\main\AndroidManifest.xml:24:9-27:52
38            android:name="com.example.bookreview.view.activity.LoginActivity"
38-->src\main\AndroidManifest.xml:25:13-56
39            android:label="@string/title_activity_login"
39-->src\main\AndroidManifest.xml:26:13-57
40            android:screenOrientation="portrait" />
40-->src\main\AndroidManifest.xml:27:13-49
41        <activity
41-->src\main\AndroidManifest.xml:28:9-31:52
42            android:name="com.example.bookreview.view.activity.RegisterActivity"
42-->src\main\AndroidManifest.xml:29:13-59
43            android:label="@string/title_activity_register"
43-->src\main\AndroidManifest.xml:30:13-60
44            android:screenOrientation="portrait" />
44-->src\main\AndroidManifest.xml:31:13-49
45        <activity
45-->[com.google.firebase:firebase-auth:20.0.1] AndroidManifest.xml:27:9-44:20
46            android:name="com.google.firebase.auth.internal.GenericIdpActivity"
46-->[com.google.firebase:firebase-auth:20.0.1] AndroidManifest.xml:28:13-80
47            android:excludeFromRecents="true"
47-->[com.google.firebase:firebase-auth:20.0.1] AndroidManifest.xml:29:13-46
48            android:exported="true"
48-->[com.google.firebase:firebase-auth:20.0.1] AndroidManifest.xml:30:13-36
49            android:launchMode="singleTask"
49-->[com.google.firebase:firebase-auth:20.0.1] AndroidManifest.xml:31:13-44
50            android:theme="@android:style/Theme.Translucent.NoTitleBar" >
50-->[com.google.firebase:firebase-auth:20.0.1] AndroidManifest.xml:32:13-72
51            <intent-filter>
51-->[com.google.firebase:firebase-auth:20.0.1] AndroidManifest.xml:33:13-43:29
52                <action android:name="android.intent.action.VIEW" />
52-->[com.google.firebase:firebase-auth:20.0.1] AndroidManifest.xml:34:17-69
52-->[com.google.firebase:firebase-auth:20.0.1] AndroidManifest.xml:34:25-66
53
54                <category android:name="android.intent.category.DEFAULT" />
54-->[com.google.firebase:firebase-auth:20.0.1] AndroidManifest.xml:36:17-76
54-->[com.google.firebase:firebase-auth:20.0.1] AndroidManifest.xml:36:27-73
55                <category android:name="android.intent.category.BROWSABLE" />
55-->[com.google.firebase:firebase-auth:20.0.1] AndroidManifest.xml:37:17-78
55-->[com.google.firebase:firebase-auth:20.0.1] AndroidManifest.xml:37:27-75
56
57                <data
57-->[com.google.firebase:firebase-auth:20.0.1] AndroidManifest.xml:39:17-42:51
58                    android:host="firebase.auth"
58-->[com.google.firebase:firebase-auth:20.0.1] AndroidManifest.xml:40:21-49
59                    android:path="/"
59-->[com.google.firebase:firebase-auth:20.0.1] AndroidManifest.xml:41:21-37
60                    android:scheme="genericidp" />
60-->[com.google.firebase:firebase-auth:20.0.1] AndroidManifest.xml:42:21-48
61            </intent-filter>
62        </activity>
63        <activity
63-->[com.google.firebase:firebase-auth:20.0.1] AndroidManifest.xml:45:9-62:20
64            android:name="com.google.firebase.auth.internal.RecaptchaActivity"
64-->[com.google.firebase:firebase-auth:20.0.1] AndroidManifest.xml:46:13-79
65            android:excludeFromRecents="true"
65-->[com.google.firebase:firebase-auth:20.0.1] AndroidManifest.xml:47:13-46
66            android:exported="true"
66-->[com.google.firebase:firebase-auth:20.0.1] AndroidManifest.xml:48:13-36
67            android:launchMode="singleTask"
67-->[com.google.firebase:firebase-auth:20.0.1] AndroidManifest.xml:49:13-44
68            android:theme="@android:style/Theme.Translucent.NoTitleBar" >
68-->[com.google.firebase:firebase-auth:20.0.1] AndroidManifest.xml:50:13-72
69            <intent-filter>
69-->[com.google.firebase:firebase-auth:20.0.1] AndroidManifest.xml:51:13-61:29
70                <action android:name="android.intent.action.VIEW" />
70-->[com.google.firebase:firebase-auth:20.0.1] AndroidManifest.xml:34:17-69
70-->[com.google.firebase:firebase-auth:20.0.1] AndroidManifest.xml:34:25-66
71
72                <category android:name="android.intent.category.DEFAULT" />
72-->[com.google.firebase:firebase-auth:20.0.1] AndroidManifest.xml:36:17-76
72-->[com.google.firebase:firebase-auth:20.0.1] AndroidManifest.xml:36:27-73
73                <category android:name="android.intent.category.BROWSABLE" />
73-->[com.google.firebase:firebase-auth:20.0.1] AndroidManifest.xml:37:17-78
73-->[com.google.firebase:firebase-auth:20.0.1] AndroidManifest.xml:37:27-75
74
75                <data
75-->[com.google.firebase:firebase-auth:20.0.1] AndroidManifest.xml:39:17-42:51
76                    android:host="firebase.auth"
76-->[com.google.firebase:firebase-auth:20.0.1] AndroidManifest.xml:40:21-49
77                    android:path="/"
77-->[com.google.firebase:firebase-auth:20.0.1] AndroidManifest.xml:41:21-37
78                    android:scheme="recaptcha" />
78-->[com.google.firebase:firebase-auth:20.0.1] AndroidManifest.xml:42:21-48
79            </intent-filter>
80        </activity>
81
82        <service
82-->[com.google.firebase:firebase-auth:20.0.1] AndroidManifest.xml:64:9-73:19
83            android:name="com.google.firebase.auth.api.fallback.service.FirebaseAuthFallbackService"
83-->[com.google.firebase:firebase-auth:20.0.1] AndroidManifest.xml:65:13-101
84            android:enabled="true"
84-->[com.google.firebase:firebase-auth:20.0.1] AndroidManifest.xml:66:13-35
85            android:exported="false" >
85-->[com.google.firebase:firebase-auth:20.0.1] AndroidManifest.xml:67:13-37
86            <intent-filter>
86-->[com.google.firebase:firebase-auth:20.0.1] AndroidManifest.xml:68:13-72:29
87                <action android:name="com.google.firebase.auth.api.gms.service.START" />
87-->[com.google.firebase:firebase-auth:20.0.1] AndroidManifest.xml:69:17-89
87-->[com.google.firebase:firebase-auth:20.0.1] AndroidManifest.xml:69:25-86
88
89                <category android:name="android.intent.category.DEFAULT" />
89-->[com.google.firebase:firebase-auth:20.0.1] AndroidManifest.xml:36:17-76
89-->[com.google.firebase:firebase-auth:20.0.1] AndroidManifest.xml:36:27-73
90            </intent-filter>
91        </service>
92        <service
92-->[com.google.firebase:firebase-auth:20.0.1] AndroidManifest.xml:74:9-80:19
93            android:name="com.google.firebase.components.ComponentDiscoveryService"
93-->[com.google.firebase:firebase-auth:20.0.1] AndroidManifest.xml:75:13-84
94            android:directBootAware="true"
94-->[com.google.firebase:firebase-common:19.4.0] AndroidManifest.xml:35:13-43
95            android:exported="false" >
95-->[com.google.firebase:firebase-auth:20.0.1] AndroidManifest.xml:76:13-37
96            <meta-data
96-->[com.google.firebase:firebase-auth:20.0.1] AndroidManifest.xml:77:13-79:85
97                android:name="com.google.firebase.components:com.google.firebase.auth.FirebaseAuthRegistrar"
97-->[com.google.firebase:firebase-auth:20.0.1] AndroidManifest.xml:78:17-109
98                android:value="com.google.firebase.components.ComponentRegistrar" />
98-->[com.google.firebase:firebase-auth:20.0.1] AndroidManifest.xml:79:17-82
99            <meta-data
99-->[com.google.firebase:firebase-database:19.5.1] AndroidManifest.xml:32:13-34:85
100                android:name="com.google.firebase.components:com.google.firebase.database.DatabaseRegistrar"
100-->[com.google.firebase:firebase-database:19.5.1] AndroidManifest.xml:33:17-109
101                android:value="com.google.firebase.components.ComponentRegistrar" />
101-->[com.google.firebase:firebase-database:19.5.1] AndroidManifest.xml:34:17-82
102            <meta-data
102-->[com.google.firebase:firebase-storage:19.2.0] AndroidManifest.xml:33:13-35:85
103                android:name="com.google.firebase.components:com.google.firebase.storage.StorageRegistrar"
103-->[com.google.firebase:firebase-storage:19.2.0] AndroidManifest.xml:34:17-107
104                android:value="com.google.firebase.components.ComponentRegistrar" />
104-->[com.google.firebase:firebase-storage:19.2.0] AndroidManifest.xml:35:17-82
105            <meta-data
105-->[com.google.android.gms:play-services-measurement-api:18.0.0] AndroidManifest.xml:30:13-32:85
106                android:name="com.google.firebase.components:com.google.firebase.analytics.connector.internal.AnalyticsConnectorRegistrar"
106-->[com.google.android.gms:play-services-measurement-api:18.0.0] AndroidManifest.xml:31:17-139
107                android:value="com.google.firebase.components.ComponentRegistrar" />
107-->[com.google.android.gms:play-services-measurement-api:18.0.0] AndroidManifest.xml:32:17-82
108            <meta-data
108-->[com.google.firebase:firebase-installations:16.3.4] AndroidManifest.xml:18:13-20:85
109                android:name="com.google.firebase.components:com.google.firebase.installations.FirebaseInstallationsRegistrar"
109-->[com.google.firebase:firebase-installations:16.3.4] AndroidManifest.xml:19:17-127
110                android:value="com.google.firebase.components.ComponentRegistrar" />
110-->[com.google.firebase:firebase-installations:16.3.4] AndroidManifest.xml:20:17-82
111        </service>
112
113        <activity
113-->[com.google.android.gms:play-services-base:17.1.0] AndroidManifest.xml:23:9-26:75
114            android:name="com.google.android.gms.common.api.GoogleApiActivity"
114-->[com.google.android.gms:play-services-base:17.1.0] AndroidManifest.xml:24:13-79
115            android:exported="false"
115-->[com.google.android.gms:play-services-base:17.1.0] AndroidManifest.xml:25:13-37
116            android:theme="@android:style/Theme.Translucent.NoTitleBar" />
116-->[com.google.android.gms:play-services-base:17.1.0] AndroidManifest.xml:26:13-72
117
118        <provider
118-->[com.google.firebase:firebase-common:19.4.0] AndroidManifest.xml:26:9-31:39
119            android:name="com.google.firebase.provider.FirebaseInitProvider"
119-->[com.google.firebase:firebase-common:19.4.0] AndroidManifest.xml:27:13-77
120            android:authorities="com.example.bookreview.firebaseinitprovider"
120-->[com.google.firebase:firebase-common:19.4.0] AndroidManifest.xml:28:13-72
121            android:directBootAware="true"
121-->[com.google.firebase:firebase-common:19.4.0] AndroidManifest.xml:29:13-43
122            android:exported="false"
122-->[com.google.firebase:firebase-common:19.4.0] AndroidManifest.xml:30:13-37
123            android:initOrder="100" />
123-->[com.google.firebase:firebase-common:19.4.0] AndroidManifest.xml:31:13-36
124
125        <receiver
125-->[com.google.android.gms:play-services-measurement:18.0.0] AndroidManifest.xml:29:9-33:20
126            android:name="com.google.android.gms.measurement.AppMeasurementReceiver"
126-->[com.google.android.gms:play-services-measurement:18.0.0] AndroidManifest.xml:30:13-85
127            android:enabled="true"
127-->[com.google.android.gms:play-services-measurement:18.0.0] AndroidManifest.xml:31:13-35
128            android:exported="false" >
128-->[com.google.android.gms:play-services-measurement:18.0.0] AndroidManifest.xml:32:13-37
129        </receiver>
130
131        <service
131-->[com.google.android.gms:play-services-measurement:18.0.0] AndroidManifest.xml:35:9-38:40
132            android:name="com.google.android.gms.measurement.AppMeasurementService"
132-->[com.google.android.gms:play-services-measurement:18.0.0] AndroidManifest.xml:36:13-84
133            android:enabled="true"
133-->[com.google.android.gms:play-services-measurement:18.0.0] AndroidManifest.xml:37:13-35
134            android:exported="false" />
134-->[com.google.android.gms:play-services-measurement:18.0.0] AndroidManifest.xml:38:13-37
135        <service
135-->[com.google.android.gms:play-services-measurement:18.0.0] AndroidManifest.xml:39:9-43:72
136            android:name="com.google.android.gms.measurement.AppMeasurementJobService"
136-->[com.google.android.gms:play-services-measurement:18.0.0] AndroidManifest.xml:40:13-87
137            android:enabled="true"
137-->[com.google.android.gms:play-services-measurement:18.0.0] AndroidManifest.xml:41:13-35
138            android:exported="false"
138-->[com.google.android.gms:play-services-measurement:18.0.0] AndroidManifest.xml:42:13-37
139            android:permission="android.permission.BIND_JOB_SERVICE" />
139-->[com.google.android.gms:play-services-measurement:18.0.0] AndroidManifest.xml:43:13-69
140
141        <meta-data
141-->[com.google.android.gms:play-services-basement:17.1.0] AndroidManifest.xml:23:9-25:69
142            android:name="com.google.android.gms.version"
142-->[com.google.android.gms:play-services-basement:17.1.0] AndroidManifest.xml:24:13-58
143            android:value="@integer/google_play_services_version" />
143-->[com.google.android.gms:play-services-basement:17.1.0] AndroidManifest.xml:25:13-66
144
145        <provider
145-->[androidx.lifecycle:lifecycle-process:2.2.0] AndroidManifest.xml:25:9-29:43
146            android:name="androidx.lifecycle.ProcessLifecycleOwnerInitializer"
146-->[androidx.lifecycle:lifecycle-process:2.2.0] AndroidManifest.xml:26:13-79
147            android:authorities="com.example.bookreview.lifecycle-process"
147-->[androidx.lifecycle:lifecycle-process:2.2.0] AndroidManifest.xml:27:13-69
148            android:exported="false"
148-->[androidx.lifecycle:lifecycle-process:2.2.0] AndroidManifest.xml:28:13-37
149            android:multiprocess="true" />
149-->[androidx.lifecycle:lifecycle-process:2.2.0] AndroidManifest.xml:29:13-40
150    </application>
151
152</manifest>